#
# There is insufficient memory for the Java Runtime Environment to continue.
# Native memory allocation (mmap) failed to map 1638400 bytes for G1 virtual space
# Possible reasons:
#   The system is out of physical RAM or swap space
#   The process is running with CompressedOops enabled, and the Java Heap may be blocking the growth of the native heap
# Possible solutions:
#   Reduce memory load on the system
#   Increase physical memory or swap space
#   Check if swap backing store is full
#   Decrease Java heap size (-Xmx/-Xms)
#   Decrease number of Java threads
#   Decrease Java thread stack sizes (-Xss)
#   Set larger code cache with -XX:ReservedCodeCacheSize=
#   JVM is running with Unscaled Compressed Oops mode in which the Java heap is
#     placed in the first 4GB address space. The Java Heap base address is the
#     maximum limit for the native heap growth. Please use -XX:HeapBaseMinAddress
#     to set the Java Heap base and to place the Java Heap above 4GB virtual address.
# This output file may be truncated or incomplete.
#
#  Out of Memory Error (os_windows.cpp:3825), pid=9868, tid=9288
#
# JRE version: OpenJDK Runtime Environment (17.0.9) (build 17.0.9+0--11185874)
# Java VM: OpenJDK 64-Bit Server VM (17.0.9+0--11185874, mixed mode, tiered, compressed oops, compressed class ptrs, g1 gc, windows-amd64)
# No core dump will be written. Minidumps are not enabled by default on client versions of Windows
#

---------------  S U M M A R Y ------------

Command Line: --add-opens=java.base/java.util.concurrent.atomic=ALL-UNNAMED --add-opens=java.base/java.util=ALL-UNNAMED --add-opens=java.base/java.lang=ALL-UNNAMED --add-opens=java.base/java.lang.invoke=ALL-UNNAMED --add-opens=java.prefs/java.util.prefs=ALL-UNNAMED --add-opens=java.base/java.nio.charset=ALL-UNNAMED --add-opens=java.base/java.net=ALL-UNNAMED --add-opens=java.base/java.util.concurrent.atomic=ALL-UNNAMED -Xmx2048m -Dfile.encoding=UTF-8 -Duser.country=US -Duser.language=en -Duser.variant -javaagent:C:\Users\welcome\.gradle\wrapper\dists\gradle-8.2-bin\bbg7u40eoinfdyxsxr3z4i7ta\gradle-8.2\lib\agents\gradle-instrumentation-agent-8.2.jar org.gradle.launcher.daemon.bootstrap.GradleDaemon 8.2

Host: Intel(R) Core(TM) i3-10105 CPU @ 3.70GHz, 8 cores, 7G,  Windows 10 , 64 bit Build 18362 (10.0.18362.329)
Time: Sat Apr  6 18:42:47 2024 India Standard Time elapsed time: 5.227833 seconds (0d 0h 0m 5s)

---------------  T H R E A D  ---------------

Current thread (0x00000162e5275190):  VMThread "VM Thread" [stack: 0x000000314b100000,0x000000314b200000] [id=9288]

Stack: [0x000000314b100000,0x000000314b200000]
Native frames: (J=compiled Java code, j=interpreted, Vv=VM code, C=native code)
V  [jvm.dll+0x6886e9]
V  [jvm.dll+0x841e4a]
V  [jvm.dll+0x843a8e]
V  [jvm.dll+0x8440f3]
V  [jvm.dll+0x24c14f]
V  [jvm.dll+0x685499]
V  [jvm.dll+0x679c2a]
V  [jvm.dll+0x30cf9b]
V  [jvm.dll+0x314446]
V  [jvm.dll+0x364288]
V  [jvm.dll+0x36448f]
V  [jvm.dll+0x2e2d68]
V  [jvm.dll+0x2e0f44]
V  [jvm.dll+0x2e054c]
V  [jvm.dll+0x325721]
V  [jvm.dll+0x8487eb]
V  [jvm.dll+0x849531]
V  [jvm.dll+0x849a4d]
V  [jvm.dll+0x849e24]
V  [jvm.dll+0x849ef0]
V  [jvm.dll+0x7f06aa]
V  [jvm.dll+0x687565]
C  [ucrtbase.dll+0x1d9f2]
C  [KERNEL32.DLL+0x17bd4]
C  [ntdll.dll+0x6cee1]

VM_Operation (0x000000314caf2f90): G1TryInitiateConcMark, mode: safepoint, requested by thread 0x00000162eb8090a0


---------------  P R O C E S S  ---------------

Threads class SMR info:
_java_thread_list=0x00000162ec583e10, length=43, elements={
0x00000162c9778cf0, 0x00000162e5751010, 0x00000162e5752cb0, 0x00000162e577c2a0,
0x00000162e577db80, 0x00000162e577e450, 0x00000162e577ed20, 0x00000162e5780c70,
0x00000162e578dd60, 0x00000162e5790a90, 0x00000162e525b510, 0x00000162e5a5d980,
0x00000162ebe073d0, 0x00000162ec8017d0, 0x00000162eb7083f0, 0x00000162ec1dd7c0,
0x00000162ebbe1830, 0x00000162eb808680, 0x00000162eb8090a0, 0x00000162eb8095b0,
0x00000162eb809ac0, 0x00000162eb808170, 0x00000162ec712a50, 0x00000162ec7106e0,
0x00000162ec6f2bb0, 0x00000162ec711100, 0x00000162ea4d5e80, 0x00000162ec70f2a0,
0x00000162ec70d950, 0x00000162ec710bf0, 0x00000162ec712f60, 0x00000162ec711610,
0x00000162ec711b20, 0x00000162ec70c510, 0x00000162ec70d440, 0x00000162ec712030,
0x00000162ec70ed90, 0x00000162ec70ca20, 0x00000162ec712540, 0x00000162ec713470,
0x00000162ec713980, 0x00000162ec713e90, 0x00000162ec70cf30
}

Java Threads: ( => current thread )
  0x00000162c9778cf0 JavaThread "main" [_thread_blocked, id=7604, stack(0x000000314ab00000,0x000000314ac00000)]
  0x00000162e5751010 JavaThread "Reference Handler" daemon [_thread_blocked, id=7068, stack(0x000000314b200000,0x000000314b300000)]
  0x00000162e5752cb0 JavaThread "Finalizer" daemon [_thread_blocked, id=5356, stack(0x000000314b300000,0x000000314b400000)]
  0x00000162e577c2a0 JavaThread "Signal Dispatcher" daemon [_thread_blocked, id=944, stack(0x000000314b400000,0x000000314b500000)]
  0x00000162e577db80 JavaThread "Attach Listener" daemon [_thread_blocked, id=6404, stack(0x000000314b500000,0x000000314b600000)]
  0x00000162e577e450 JavaThread "Service Thread" daemon [_thread_blocked, id=8840, stack(0x000000314b600000,0x000000314b700000)]
  0x00000162e577ed20 JavaThread "Monitor Deflation Thread" daemon [_thread_blocked, id=5128, stack(0x000000314b700000,0x000000314b800000)]
  0x00000162e5780c70 JavaThread "C2 CompilerThread0" daemon [_thread_in_native, id=9280, stack(0x000000314b800000,0x000000314b900000)]
  0x00000162e578dd60 JavaThread "C1 CompilerThread0" daemon [_thread_blocked, id=6492, stack(0x000000314b900000,0x000000314ba00000)]
  0x00000162e5790a90 JavaThread "Sweeper thread" daemon [_thread_blocked, id=8464, stack(0x000000314ba00000,0x000000314bb00000)]
  0x00000162e525b510 JavaThread "Common-Cleaner" daemon [_thread_blocked, id=1564, stack(0x000000314bb00000,0x000000314bc00000)]
  0x00000162e5a5d980 JavaThread "Notification Thread" daemon [_thread_blocked, id=6312, stack(0x000000314bc00000,0x000000314bd00000)]
  0x00000162ebe073d0 JavaThread "Daemon health stats" [_thread_blocked, id=6284, stack(0x000000314c400000,0x000000314c500000)]
  0x00000162ec8017d0 JavaThread "Incoming local TCP Connector on port 58847" [_thread_in_native, id=2956, stack(0x000000314c500000,0x000000314c600000)]
  0x00000162eb7083f0 JavaThread "Daemon periodic checks" [_thread_blocked, id=2788, stack(0x000000314c600000,0x000000314c700000)]
  0x00000162ec1dd7c0 JavaThread "Daemon" [_thread_blocked, id=1096, stack(0x000000314c700000,0x000000314c800000)]
  0x00000162ebbe1830 JavaThread "Handler for socket connection from /127.0.0.1:58847 to /127.0.0.1:58848" [_thread_in_native, id=7700, stack(0x000000314c800000,0x000000314c900000)]
  0x00000162eb808680 JavaThread "Cancel handler" [_thread_blocked, id=1764, stack(0x000000314c900000,0x000000314ca00000)]
  0x00000162eb8090a0 JavaThread "Daemon worker" [_thread_blocked, id=10048, stack(0x000000314ca00000,0x000000314cb00000)]
  0x00000162eb8095b0 JavaThread "Asynchronous log dispatcher for DefaultDaemonConnection: socket connection from /127.0.0.1:58847 to /127.0.0.1:58848" [_thread_blocked, id=6452, stack(0x000000314cb00000,0x000000314cc00000)]
  0x00000162eb809ac0 JavaThread "Stdin handler" [_thread_blocked, id=8044, stack(0x000000314cc00000,0x000000314cd00000)]
  0x00000162eb808170 JavaThread "Daemon client event forwarder" [_thread_blocked, id=4092, stack(0x000000314cd00000,0x000000314ce00000)]
  0x00000162ec712a50 JavaThread "Cache worker for journal cache (C:\Users\welcome\.gradle\caches\journal-1)" [_thread_blocked, id=1856, stack(0x000000314be00000,0x000000314bf00000)]
  0x00000162ec7106e0 JavaThread "File lock request listener" [_thread_in_native, id=1328, stack(0x000000314bf00000,0x000000314c000000)]
  0x00000162ec6f2bb0 JavaThread "C2 CompilerThread1" daemon [_thread_in_native, id=9688, stack(0x000000314d200000,0x000000314d300000)]
  0x00000162ec711100 JavaThread "Cache worker for file hash cache (C:\Users\welcome\.gradle\caches\8.2\fileHashes)" [_thread_blocked, id=7548, stack(0x000000314d300000,0x000000314d400000)]
  0x00000162ea4d5e80 JavaThread "C2 CompilerThread2" daemon [_thread_in_native, id=4156, stack(0x000000314d400000,0x000000314d500000)]
  0x00000162ec70f2a0 JavaThread "File watcher server" daemon [_thread_in_native, id=7764, stack(0x000000314d500000,0x000000314d600000)]
  0x00000162ec70d950 JavaThread "File watcher consumer" daemon [_thread_blocked, id=2644, stack(0x000000314d600000,0x000000314d700000)]
  0x00000162ec710bf0 JavaThread "jar transforms" [_thread_blocked, id=8940, stack(0x000000314d700000,0x000000314d800000)]
  0x00000162ec712f60 JavaThread "jar transforms Thread 2" [_thread_blocked, id=10016, stack(0x000000314d800000,0x000000314d900000)]
  0x00000162ec711610 JavaThread "jar transforms Thread 3" [_thread_blocked, id=9640, stack(0x000000314d900000,0x000000314da00000)]
  0x00000162ec711b20 JavaThread "jar transforms Thread 4" [_thread_blocked, id=8208, stack(0x000000314da00000,0x000000314db00000)]
  0x00000162ec70c510 JavaThread "jar transforms Thread 5" [_thread_blocked, id=6000, stack(0x000000314db00000,0x000000314dc00000)]
  0x00000162ec70d440 JavaThread "jar transforms Thread 6" [_thread_blocked, id=468, stack(0x000000314dc00000,0x000000314dd00000)]
  0x00000162ec712030 JavaThread "jar transforms Thread 7" [_thread_blocked, id=3632, stack(0x000000314dd00000,0x000000314de00000)]
  0x00000162ec70ed90 JavaThread "jar transforms Thread 8" [_thread_blocked, id=8652, stack(0x000000314de00000,0x000000314df00000)]
  0x00000162ec70ca20 JavaThread "Cache worker for checksums cache (D:\FEELIT2\.gradle\8.2\checksums)" [_thread_blocked, id=9320, stack(0x000000314df00000,0x000000314e000000)]
  0x00000162ec712540 JavaThread "Cache worker for cache directory md-rule (C:\Users\welcome\.gradle\caches\8.2\md-rule)" [_thread_blocked, id=2920, stack(0x000000314e000000,0x000000314e100000)]
  0x00000162ec713470 JavaThread "Cache worker for file content cache (C:\Users\welcome\.gradle\caches\8.2\fileContent)" [_thread_blocked, id=3328, stack(0x000000314e100000,0x000000314e200000)]
  0x00000162ec713980 JavaThread "Cache worker for file hash cache (D:\FEELIT2\.gradle\8.2\fileHashes)" [_thread_blocked, id=1076, stack(0x000000314e200000,0x000000314e300000)]
  0x00000162ec713e90 JavaThread "Cache worker for cache directory md-supplier (C:\Users\welcome\.gradle\caches\8.2\md-supplier)" [_thread_blocked, id=6860, stack(0x000000314e300000,0x000000314e400000)]
  0x00000162ec70cf30 JavaThread "Cache worker for execution history cache (C:\Users\welcome\.gradle\caches\8.2\executionHistory)" [_thread_blocked, id=1016, stack(0x000000314e400000,0x000000314e500000)]

Other Threads:
=>0x00000162e5275190 VMThread "VM Thread" [stack: 0x000000314b100000,0x000000314b200000] [id=9288]
  0x00000162c9779bc0 WatcherThread [stack: 0x000000314bd00000,0x000000314be00000] [id=8528]
  0x00000162c97d3ed0 GCTaskThread "GC Thread#0" [stack: 0x000000314ac00000,0x000000314ad00000] [id=5428]
  0x00000162e5771860 GCTaskThread "GC Thread#1" [stack: 0x000000314c000000,0x000000314c100000] [id=4468]
  0x00000162e57712e0 GCTaskThread "GC Thread#2" [stack: 0x000000314c100000,0x000000314c200000] [id=9852]
  0x00000162e5772360 GCTaskThread "GC Thread#3" [stack: 0x000000314c200000,0x000000314c300000] [id=8104]
  0x00000162e5772e60 GCTaskThread "GC Thread#4" [stack: 0x000000314c300000,0x000000314c400000] [id=10000]
  0x00000162e57715a0 GCTaskThread "GC Thread#5" [stack: 0x000000314ce00000,0x000000314cf00000] [id=9520]
  0x00000162e57720a0 GCTaskThread "GC Thread#6" [stack: 0x000000314cf00000,0x000000314d000000] [id=2552]
  0x00000162e57728e0 GCTaskThread "GC Thread#7" [stack: 0x000000314d000000,0x000000314d100000] [id=5232]
  0x00000162c97e4da0 ConcurrentGCThread "G1 Main Marker" [stack: 0x000000314ad00000,0x000000314ae00000] [id=8452]
  0x00000162c97e5e70 ConcurrentGCThread "G1 Conc#0" [stack: 0x000000314ae00000,0x000000314af00000] [id=1232]
  0x00000162e5772ba0 ConcurrentGCThread "G1 Conc#1" [stack: 0x000000314d100000,0x000000314d200000] [id=6188]
  0x00000162c982d4b0 ConcurrentGCThread "G1 Refine#0" [stack: 0x000000314af00000,0x000000314b000000] [id=3448]
  0x00000162e5127dc0 ConcurrentGCThread "G1 Service" [stack: 0x000000314b000000,0x000000314b100000] [id=5248]

Threads with active compile tasks:
C2 CompilerThread0     5239 5693       4       groovy.lang.MetaClassImpl::addMetaMethodToIndex (65 bytes)
C2 CompilerThread1     5239 5675       4       java.lang.Class::getMethodsRecursive (99 bytes)
C2 CompilerThread2     5239 5696       4       groovy.lang.MetaClassImpl::checkIfStdMethod (178 bytes)

VM state: at safepoint (normal execution)

VM Mutex/Monitor currently owned by a thread:  ([mutex/lock_event])
[0x00000162c9774310] Threads_lock - owner thread: 0x00000162e5275190
[0x00000162c97744c0] Heap_lock - owner thread: 0x00000162eb8090a0

Heap address: 0x0000000080000000, size: 2048 MB, Compressed Oops mode: 32-bit

CDS archive(s) not mapped
Compressed class space mapped at: 0x0000000100000000-0x0000000140000000, reserved size: 1073741824
Narrow klass base: 0x0000000000000000, Narrow klass shift: 3, Narrow klass range: 0x140000000

GC Precious Log:
 CPUs: 8 total, 8 available
 Memory: 8032M
 Large Page Support: Disabled
 NUMA Support: Disabled
 Compressed Oops: Enabled (32-bit)
 Heap Region Size: 1M
 Heap Min Capacity: 8M
 Heap Initial Capacity: 126M
 Heap Max Capacity: 2G
 Pre-touch: Disabled
 Parallel Workers: 8
 Concurrent Workers: 2
 Concurrent Refinement Workers: 8
 Periodic GC: Disabled

Heap:
 garbage-first heap   total 129024K, used 57905K [0x0000000080000000, 0x0000000100000000)
  region size 1024K, 5 young (5120K), 5 survivors (5120K)
 Metaspace       used 54641K, committed 55104K, reserved 1114112K
  class space    used 7252K, committed 7488K, reserved 1048576K

Heap Regions: E=young(eden), S=young(survivor), O=old, HS=humongous(starts), HC=humongous(continues), CS=collection set, F=free, OA=open archive, CA=closed archive, TAMS=top-at-mark-start (previous, next)
|   0|0x0000000080000000, 0x0000000080100000, 0x0000000080100000|100%|HS|  |TAMS 0x0000000080100000, 0x0000000080100000| Complete 
|   1|0x0000000080100000, 0x0000000080200000, 0x0000000080200000|100%|HC|  |TAMS 0x0000000080200000, 0x0000000080200000| Complete 
|   2|0x0000000080200000, 0x0000000080300000, 0x0000000080300000|100%|HC|  |TAMS 0x0000000080300000, 0x0000000080300000| Complete 
|   3|0x0000000080300000, 0x0000000080400000, 0x0000000080400000|100%|HC|  |TAMS 0x0000000080400000, 0x0000000080400000| Complete 
|   4|0x0000000080400000, 0x0000000080500000, 0x0000000080500000|100%| O|  |TAMS 0x0000000080500000, 0x0000000080500000| Untracked 
|   5|0x0000000080500000, 0x0000000080600000, 0x0000000080600000|100%| O|  |TAMS 0x0000000080600000, 0x0000000080600000| Untracked 
|   6|0x0000000080600000, 0x0000000080700000, 0x0000000080700000|100%| O|  |TAMS 0x0000000080700000, 0x0000000080700000| Untracked 
|   7|0x0000000080700000, 0x0000000080800000, 0x0000000080800000|100%| O|  |TAMS 0x0000000080800000, 0x0000000080800000| Untracked 
|   8|0x0000000080800000, 0x0000000080900000, 0x0000000080900000|100%| O|  |TAMS 0x0000000080900000, 0x0000000080900000| Untracked 
|   9|0x0000000080900000, 0x0000000080a00000, 0x0000000080a00000|100%| O|  |TAMS 0x0000000080a00000, 0x0000000080a00000| Untracked 
|  10|0x0000000080a00000, 0x0000000080b00000, 0x0000000080b00000|100%| O|  |TAMS 0x0000000080b00000, 0x0000000080b00000| Untracked 
|  11|0x0000000080b00000, 0x0000000080c00000, 0x0000000080c00000|100%| O|  |TAMS 0x0000000080b00000, 0x0000000080c00000| Untracked 
|  12|0x0000000080c00000, 0x0000000080d00000, 0x0000000080d00000|100%| O|  |TAMS 0x0000000080d00000, 0x0000000080d00000| Untracked 
|  13|0x0000000080d00000, 0x0000000080e00000, 0x0000000080e00000|100%| O|  |TAMS 0x0000000080e00000, 0x0000000080e00000| Untracked 
|  14|0x0000000080e00000, 0x0000000080f00000, 0x0000000080f00000|100%| O|  |TAMS 0x0000000080f00000, 0x0000000080f00000| Untracked 
|  15|0x0000000080f00000, 0x0000000081000000, 0x0000000081000000|100%| O|  |TAMS 0x0000000081000000, 0x0000000081000000| Untracked 
|  16|0x0000000081000000, 0x0000000081100000, 0x0000000081100000|100%| O|  |TAMS 0x0000000081100000, 0x0000000081100000| Untracked 
|  17|0x0000000081100000, 0x0000000081200000, 0x0000000081200000|100%| O|  |TAMS 0x0000000081200000, 0x0000000081200000| Untracked 
|  18|0x0000000081200000, 0x0000000081300000, 0x0000000081300000|100%| O|  |TAMS 0x0000000081300000, 0x0000000081300000| Untracked 
|  19|0x0000000081300000, 0x0000000081400000, 0x0000000081400000|100%| O|  |TAMS 0x0000000081400000, 0x0000000081400000| Untracked 
|  20|0x0000000081400000, 0x0000000081500000, 0x0000000081500000|100%|HS|  |TAMS 0x0000000081500000, 0x0000000081500000| Complete 
|  21|0x0000000081500000, 0x0000000081600000, 0x0000000081600000|100%|HC|  |TAMS 0x0000000081600000, 0x0000000081600000| Complete 
|  22|0x0000000081600000, 0x0000000081700000, 0x0000000081700000|100%|HS|  |TAMS 0x0000000081700000, 0x0000000081700000| Complete 
|  23|0x0000000081700000, 0x0000000081800000, 0x0000000081800000|100%|HC|  |TAMS 0x0000000081800000, 0x0000000081800000| Complete 
|  24|0x0000000081800000, 0x0000000081900000, 0x0000000081900000|100%|HC|  |TAMS 0x0000000081900000, 0x0000000081900000| Complete 
|  25|0x0000000081900000, 0x0000000081a00000, 0x0000000081a00000|100%| O|  |TAMS 0x0000000081a00000, 0x0000000081a00000| Untracked 
|  26|0x0000000081a00000, 0x0000000081b00000, 0x0000000081b00000|100%| O|  |TAMS 0x0000000081b00000, 0x0000000081b00000| Untracked 
|  27|0x0000000081b00000, 0x0000000081c00000, 0x0000000081c00000|100%| O|  |TAMS 0x0000000081c00000, 0x0000000081c00000| Untracked 
|  28|0x0000000081c00000, 0x0000000081d00000, 0x0000000081d00000|100%|HS|  |TAMS 0x0000000081d00000, 0x0000000081d00000| Complete 
|  29|0x0000000081d00000, 0x0000000081e00000, 0x0000000081e00000|100%|HC|  |TAMS 0x0000000081e00000, 0x0000000081e00000| Complete 
|  30|0x0000000081e00000, 0x0000000081f00000, 0x0000000081f00000|100%|HC|  |TAMS 0x0000000081f00000, 0x0000000081f00000| Complete 
|  31|0x0000000081f00000, 0x0000000082000000, 0x0000000082000000|100%| O|  |TAMS 0x0000000082000000, 0x0000000082000000| Untracked 
|  32|0x0000000082000000, 0x0000000082100000, 0x0000000082100000|100%| O|  |TAMS 0x0000000082100000, 0x0000000082100000| Untracked 
|  33|0x0000000082100000, 0x0000000082200000, 0x0000000082200000|100%| O|  |TAMS 0x0000000082200000, 0x0000000082200000| Untracked 
|  34|0x0000000082200000, 0x0000000082300000, 0x0000000082300000|100%| O|  |TAMS 0x0000000082300000, 0x0000000082300000| Untracked 
|  35|0x0000000082300000, 0x0000000082400000, 0x0000000082400000|100%| O|  |TAMS 0x00000000823daa00, 0x0000000082400000| Untracked 
|  36|0x0000000082400000, 0x0000000082500000, 0x0000000082500000|100%| O|  |TAMS 0x0000000082400000, 0x0000000082500000| Untracked 
|  37|0x0000000082500000, 0x0000000082600000, 0x0000000082600000|100%| O|  |TAMS 0x0000000082600000, 0x0000000082600000| Untracked 
|  38|0x0000000082600000, 0x0000000082700000, 0x0000000082700000|100%| O|  |TAMS 0x0000000082700000, 0x0000000082700000| Untracked 
|  39|0x0000000082700000, 0x0000000082800000, 0x0000000082800000|100%| O|  |TAMS 0x0000000082800000, 0x0000000082800000| Untracked 
|  40|0x0000000082800000, 0x0000000082900000, 0x0000000082900000|100%| O|  |TAMS 0x0000000082900000, 0x0000000082900000| Untracked 
|  41|0x0000000082900000, 0x0000000082a00000, 0x0000000082a00000|100%| O|  |TAMS 0x0000000082900000, 0x0000000082a00000| Untracked 
|  42|0x0000000082a00000, 0x0000000082b00000, 0x0000000082b00000|100%| O|  |TAMS 0x0000000082a00000, 0x0000000082b00000| Untracked 
|  43|0x0000000082b00000, 0x0000000082c00000, 0x0000000082c00000|100%| O|  |TAMS 0x0000000082c00000, 0x0000000082c00000| Untracked 
|  44|0x0000000082c00000, 0x0000000082d00000, 0x0000000082d00000|100%| O|  |TAMS 0x0000000082d00000, 0x0000000082d00000| Untracked 
|  45|0x0000000082d00000, 0x0000000082e00000, 0x0000000082e00000|100%| O|  |TAMS 0x0000000082d00000, 0x0000000082e00000| Untracked 
|  46|0x0000000082e00000, 0x0000000082f00000, 0x0000000082f00000|100%| O|  |TAMS 0x0000000082e00000, 0x0000000082f00000| Untracked 
|  47|0x0000000082f00000, 0x0000000083000000, 0x0000000083000000|100%| O|  |TAMS 0x0000000082f00000, 0x0000000083000000| Untracked 
|  48|0x0000000083000000, 0x0000000083100000, 0x0000000083100000|100%| O|  |TAMS 0x0000000083000000, 0x0000000083100000| Untracked 
|  49|0x0000000083100000, 0x0000000083149e00, 0x0000000083200000| 28%| O|  |TAMS 0x0000000083100000, 0x0000000083149e00| Untracked 
|  50|0x0000000083200000, 0x0000000083300000, 0x0000000083300000|100%|HS|  |TAMS 0x0000000083200000, 0x0000000083300000| Complete 
|  51|0x0000000083300000, 0x0000000083400000, 0x0000000083400000|100%|HC|  |TAMS 0x0000000083300000, 0x0000000083400000| Complete 
|  52|0x0000000083400000, 0x0000000083500000, 0x0000000083500000|100%|HC|  |TAMS 0x0000000083400000, 0x0000000083500000| Complete 
|  53|0x0000000083500000, 0x0000000083500000, 0x0000000083600000|  0%| F|  |TAMS 0x0000000083500000, 0x0000000083500000| Untracked 
|  54|0x0000000083600000, 0x0000000083600000, 0x0000000083700000|  0%| F|  |TAMS 0x0000000083600000, 0x0000000083600000| Untracked 
|  55|0x0000000083700000, 0x0000000083700000, 0x0000000083800000|  0%| F|  |TAMS 0x0000000083700000, 0x0000000083700000| Untracked 
|  56|0x0000000083800000, 0x0000000083800000, 0x0000000083900000|  0%| F|  |TAMS 0x0000000083800000, 0x0000000083800000| Untracked 
|  57|0x0000000083900000, 0x0000000083900000, 0x0000000083a00000|  0%| F|  |TAMS 0x0000000083900000, 0x0000000083900000| Untracked 
|  58|0x0000000083a00000, 0x0000000083a00000, 0x0000000083b00000|  0%| F|  |TAMS 0x0000000083a00000, 0x0000000083a00000| Untracked 
|  59|0x0000000083b00000, 0x0000000083b00000, 0x0000000083c00000|  0%| F|  |TAMS 0x0000000083b00000, 0x0000000083b00000| Untracked 
|  60|0x0000000083c00000, 0x0000000083c00000, 0x0000000083d00000|  0%| F|  |TAMS 0x0000000083c00000, 0x0000000083c00000| Untracked 
|  61|0x0000000083d00000, 0x0000000083d00000, 0x0000000083e00000|  0%| F|  |TAMS 0x0000000083d00000, 0x0000000083d00000| Untracked 
|  62|0x0000000083e00000, 0x0000000083e00000, 0x0000000083f00000|  0%| F|  |TAMS 0x0000000083e00000, 0x0000000083e00000| Untracked 
|  63|0x0000000083f00000, 0x0000000083f00000, 0x0000000084000000|  0%| F|  |TAMS 0x0000000083f00000, 0x0000000083f00000| Untracked 
|  64|0x0000000084000000, 0x0000000084000000, 0x0000000084100000|  0%| F|  |TAMS 0x0000000084000000, 0x0000000084000000| Untracked 
|  65|0x0000000084100000, 0x0000000084100000, 0x0000000084200000|  0%| F|  |TAMS 0x0000000084100000, 0x0000000084100000| Untracked 
|  66|0x0000000084200000, 0x0000000084200000, 0x0000000084300000|  0%| F|  |TAMS 0x0000000084200000, 0x0000000084200000| Untracked 
|  67|0x0000000084300000, 0x0000000084300000, 0x0000000084400000|  0%| F|  |TAMS 0x0000000084300000, 0x0000000084300000| Untracked 
|  68|0x0000000084400000, 0x0000000084400000, 0x0000000084500000|  0%| F|  |TAMS 0x0000000084400000, 0x0000000084400000| Untracked 
|  69|0x0000000084500000, 0x0000000084500000, 0x0000000084600000|  0%| F|  |TAMS 0x0000000084500000, 0x0000000084500000| Untracked 
|  70|0x0000000084600000, 0x0000000084600000, 0x0000000084700000|  0%| F|  |TAMS 0x0000000084600000, 0x0000000084600000| Untracked 
|  71|0x0000000084700000, 0x0000000084700000, 0x0000000084800000|  0%| F|  |TAMS 0x0000000084700000, 0x0000000084700000| Untracked 
|  72|0x0000000084800000, 0x0000000084800000, 0x0000000084900000|  0%| F|  |TAMS 0x0000000084800000, 0x0000000084800000| Untracked 
|  73|0x0000000084900000, 0x0000000084900000, 0x0000000084a00000|  0%| F|  |TAMS 0x0000000084900000, 0x0000000084900000| Untracked 
|  74|0x0000000084a00000, 0x0000000084a00000, 0x0000000084b00000|  0%| F|  |TAMS 0x0000000084a00000, 0x0000000084a00000| Untracked 
|  75|0x0000000084b00000, 0x0000000084b00000, 0x0000000084c00000|  0%| F|  |TAMS 0x0000000084b00000, 0x0000000084b00000| Untracked 
|  76|0x0000000084c00000, 0x0000000084c00000, 0x0000000084d00000|  0%| F|  |TAMS 0x0000000084c00000, 0x0000000084c00000| Untracked 
|  77|0x0000000084d00000, 0x0000000084d00000, 0x0000000084e00000|  0%| F|  |TAMS 0x0000000084d00000, 0x0000000084d00000| Untracked 
|  78|0x0000000084e00000, 0x0000000084e00000, 0x0000000084f00000|  0%| F|  |TAMS 0x0000000084e00000, 0x0000000084e00000| Untracked 
|  79|0x0000000084f00000, 0x0000000084f00000, 0x0000000085000000|  0%| F|  |TAMS 0x0000000084f00000, 0x0000000084f00000| Untracked 
|  80|0x0000000085000000, 0x0000000085000000, 0x0000000085100000|  0%| F|  |TAMS 0x0000000085000000, 0x0000000085000000| Untracked 
|  81|0x0000000085100000, 0x0000000085100000, 0x0000000085200000|  0%| F|  |TAMS 0x0000000085100000, 0x0000000085100000| Untracked 
|  82|0x0000000085200000, 0x0000000085200000, 0x0000000085300000|  0%| F|  |TAMS 0x0000000085200000, 0x0000000085200000| Untracked 
|  83|0x0000000085300000, 0x0000000085300000, 0x0000000085400000|  0%| F|  |TAMS 0x0000000085300000, 0x0000000085300000| Untracked 
|  84|0x0000000085400000, 0x0000000085400000, 0x0000000085500000|  0%| F|  |TAMS 0x0000000085400000, 0x0000000085400000| Untracked 
|  85|0x0000000085500000, 0x0000000085500000, 0x0000000085600000|  0%| F|  |TAMS 0x0000000085500000, 0x0000000085500000| Untracked 
|  86|0x0000000085600000, 0x0000000085600000, 0x0000000085700000|  0%| F|  |TAMS 0x0000000085600000, 0x0000000085600000| Untracked 
|  87|0x0000000085700000, 0x0000000085700000, 0x0000000085800000|  0%| F|  |TAMS 0x0000000085700000, 0x0000000085700000| Untracked 
|  88|0x0000000085800000, 0x0000000085800000, 0x0000000085900000|  0%| F|  |TAMS 0x0000000085800000, 0x0000000085800000| Untracked 
|  89|0x0000000085900000, 0x0000000085900000, 0x0000000085a00000|  0%| F|  |TAMS 0x0000000085900000, 0x0000000085900000| Untracked 
|  90|0x0000000085a00000, 0x0000000085a00000, 0x0000000085b00000|  0%| F|  |TAMS 0x0000000085a00000, 0x0000000085a00000| Untracked 
|  91|0x0000000085b00000, 0x0000000085b00000, 0x0000000085c00000|  0%| F|  |TAMS 0x0000000085b00000, 0x0000000085b00000| Untracked 
|  92|0x0000000085c00000, 0x0000000085c00000, 0x0000000085d00000|  0%| F|  |TAMS 0x0000000085c00000, 0x0000000085c00000| Untracked 
|  93|0x0000000085d00000, 0x0000000085d42960, 0x0000000085e00000| 26%| S|CS|TAMS 0x0000000085d00000, 0x0000000085d00000| Complete 
|  94|0x0000000085e00000, 0x0000000085f00000, 0x0000000085f00000|100%| S|CS|TAMS 0x0000000085e00000, 0x0000000085e00000| Complete 
|  95|0x0000000085f00000, 0x0000000086000000, 0x0000000086000000|100%| S|CS|TAMS 0x0000000085f00000, 0x0000000085f00000| Complete 
|  96|0x0000000086000000, 0x0000000086100000, 0x0000000086100000|100%| S|CS|TAMS 0x0000000086000000, 0x0000000086000000| Complete 
|  97|0x0000000086100000, 0x0000000086200000, 0x0000000086200000|100%| S|CS|TAMS 0x0000000086100000, 0x0000000086100000| Complete 
|  98|0x0000000086200000, 0x0000000086200000, 0x0000000086300000|  0%| F|  |TAMS 0x0000000086200000, 0x0000000086200000| Untracked 
|  99|0x0000000086300000, 0x0000000086300000, 0x0000000086400000|  0%| F|  |TAMS 0x0000000086300000, 0x0000000086300000| Untracked 
| 100|0x0000000086400000, 0x0000000086400000, 0x0000000086500000|  0%| F|  |TAMS 0x0000000086400000, 0x0000000086400000| Untracked 
| 101|0x0000000086500000, 0x0000000086500000, 0x0000000086600000|  0%| F|  |TAMS 0x0000000086500000, 0x0000000086500000| Untracked 
| 102|0x0000000086600000, 0x0000000086600000, 0x0000000086700000|  0%| F|  |TAMS 0x0000000086600000, 0x0000000086600000| Untracked 
| 103|0x0000000086700000, 0x0000000086700000, 0x0000000086800000|  0%| F|  |TAMS 0x0000000086700000, 0x0000000086700000| Untracked 
| 104|0x0000000086800000, 0x0000000086800000, 0x0000000086900000|  0%| F|  |TAMS 0x0000000086800000, 0x0000000086800000| Untracked 
| 105|0x0000000086900000, 0x0000000086900000, 0x0000000086a00000|  0%| F|  |TAMS 0x0000000086900000, 0x0000000086900000| Untracked 
| 106|0x0000000086a00000, 0x0000000086a00000, 0x0000000086b00000|  0%| F|  |TAMS 0x0000000086a00000, 0x0000000086a00000| Untracked 
| 107|0x0000000086b00000, 0x0000000086b00000, 0x0000000086c00000|  0%| F|  |TAMS 0x0000000086b00000, 0x0000000086b00000| Untracked 
| 108|0x0000000086c00000, 0x0000000086c00000, 0x0000000086d00000|  0%| F|  |TAMS 0x0000000086c00000, 0x0000000086c00000| Untracked 
| 109|0x0000000086d00000, 0x0000000086d00000, 0x0000000086e00000|  0%| F|  |TAMS 0x0000000086d00000, 0x0000000086d00000| Untracked 
| 110|0x0000000086e00000, 0x0000000086e00000, 0x0000000086f00000|  0%| F|  |TAMS 0x0000000086e00000, 0x0000000086e00000| Untracked 
| 111|0x0000000086f00000, 0x0000000086f00000, 0x0000000087000000|  0%| F|  |TAMS 0x0000000086f00000, 0x0000000086f00000| Untracked 
| 112|0x0000000087000000, 0x0000000087000000, 0x0000000087100000|  0%| F|  |TAMS 0x0000000087000000, 0x0000000087000000| Untracked 
| 113|0x0000000087100000, 0x0000000087100000, 0x0000000087200000|  0%| F|  |TAMS 0x0000000087100000, 0x0000000087100000| Untracked 
| 114|0x0000000087200000, 0x0000000087200000, 0x0000000087300000|  0%| F|  |TAMS 0x0000000087200000, 0x0000000087200000| Untracked 
| 115|0x0000000087300000, 0x0000000087300000, 0x0000000087400000|  0%| F|  |TAMS 0x0000000087300000, 0x0000000087300000| Untracked 
| 116|0x0000000087400000, 0x0000000087400000, 0x0000000087500000|  0%| F|  |TAMS 0x0000000087400000, 0x0000000087400000| Untracked 
| 117|0x0000000087500000, 0x0000000087500000, 0x0000000087600000|  0%| F|  |TAMS 0x0000000087500000, 0x0000000087500000| Untracked 
| 118|0x0000000087600000, 0x0000000087600000, 0x0000000087700000|  0%| F|  |TAMS 0x0000000087600000, 0x0000000087600000| Untracked 
| 119|0x0000000087700000, 0x0000000087700000, 0x0000000087800000|  0%| F|  |TAMS 0x0000000087700000, 0x0000000087700000| Untracked 
| 120|0x0000000087800000, 0x0000000087800000, 0x0000000087900000|  0%| F|  |TAMS 0x0000000087800000, 0x0000000087800000| Untracked 
| 121|0x0000000087900000, 0x0000000087900000, 0x0000000087a00000|  0%| F|  |TAMS 0x0000000087900000, 0x0000000087900000| Untracked 
| 122|0x0000000087a00000, 0x0000000087a00000, 0x0000000087b00000|  0%| F|  |TAMS 0x0000000087a00000, 0x0000000087a00000| Untracked 
| 123|0x0000000087b00000, 0x0000000087b00000, 0x0000000087c00000|  0%| F|  |TAMS 0x0000000087b00000, 0x0000000087b00000| Untracked 
| 124|0x0000000087c00000, 0x0000000087c00000, 0x0000000087d00000|  0%| F|  |TAMS 0x0000000087c00000, 0x0000000087c00000| Untracked 
| 125|0x0000000087d00000, 0x0000000087d00000, 0x0000000087e00000|  0%| F|  |TAMS 0x0000000087d00000, 0x0000000087d00000| Untracked 

Card table byte_map: [0x00000162de2c0000,0x00000162de6c0000] _byte_map_base: 0x00000162ddec0000

Marking Bits (Prev, Next): (CMBitMap*) 0x00000162c97d4440, (CMBitMap*) 0x00000162c97d4400
 Prev Bits: [0x00000162e0ac0000, 0x00000162e2ac0000)
 Next Bits: [0x00000162deac0000, 0x00000162e0ac0000)

Polling page: 0x00000162c9620000

Metaspace:

Usage:
  Non-class:     46.28 MB used.
      Class:      7.08 MB used.
       Both:     53.36 MB used.

Virtual space:
  Non-class space:       64.00 MB reserved,      46.50 MB ( 73%) committed,  1 nodes.
      Class space:        1.00 GB reserved,       7.31 MB ( <1%) committed,  1 nodes.
             Both:        1.06 GB reserved,      53.81 MB (  5%) committed. 

Chunk freelists:
   Non-Class:  896.00 KB
       Class:  8.59 MB
        Both:  9.47 MB

MaxMetaspaceSize: unlimited
CompressedClassSpaceSize: 1.00 GB
Initial GC threshold: 21.00 MB
Current GC threshold: 82.75 MB
CDS: off
MetaspaceReclaimPolicy: balanced
 - commit_granule_bytes: 65536.
 - commit_granule_words: 8192.
 - virtual_space_node_default_size: 8388608.
 - enlarge_chunks_in_place: 1.
 - new_chunks_are_fully_committed: 0.
 - uncommit_free_chunks: 1.
 - use_allocation_guard: 0.
 - handle_deallocations: 1.


Internal statistics:

num_allocs_failed_limit: 3.
num_arena_births: 450.
num_arena_deaths: 0.
num_vsnodes_births: 2.
num_vsnodes_deaths: 0.
num_space_committed: 861.
num_space_uncommitted: 0.
num_chunks_returned_to_freelist: 3.
num_chunks_taken_from_freelist: 2192.
num_chunk_merges: 3.
num_chunk_splits: 1444.
num_chunks_enlarged: 1010.
num_inconsistent_stats: 0.

CodeHeap 'non-profiled nmethods': size=120000Kb used=2987Kb max_used=3272Kb free=117012Kb
 bounds [0x00000162d5f30000, 0x00000162d6270000, 0x00000162dd460000]
CodeHeap 'profiled nmethods': size=120000Kb used=9307Kb max_used=9686Kb free=110692Kb
 bounds [0x00000162ce460000, 0x00000162cee20000, 0x00000162d5990000]
CodeHeap 'non-nmethods': size=5760Kb used=2312Kb max_used=2428Kb free=3447Kb
 bounds [0x00000162d5990000, 0x00000162d5c00000, 0x00000162d5f30000]
 total_blobs=5719 nmethods=4889 adapters=742
 compilation: enabled
              stopped_count=0, restarted_count=0
 full_count=0

Compilation events (20 events):
Event: 5.160 Thread 0x00000162e578dd60 5703   !   2       sun.instrument.TransformerManager::transform (100 bytes)
Event: 5.160 Thread 0x00000162e578dd60 nmethod 5703 0x00000162ceabf890 code [0x00000162ceabfa40, 0x00000162ceabfd28]
Event: 5.183 Thread 0x00000162e578dd60 5704       3       org.gradle.internal.classloader.FilteringClassLoader::classAllowed (80 bytes)
Event: 5.184 Thread 0x00000162e578dd60 nmethod 5704 0x00000162ce597d90 code [0x00000162ce597fe0, 0x00000162ce598958]
Event: 5.184 Thread 0x00000162e578dd60 5705       3       org.gradle.internal.io.StreamByteBuffer::allocateSpace (73 bytes)
Event: 5.184 Thread 0x00000162e578dd60 nmethod 5705 0x00000162ce46ac90 code [0x00000162ce46aea0, 0x00000162ce46b608]
Event: 5.187 Thread 0x00000162e578dd60 5706       3       java.lang.ClassLoader::findClass (9 bytes)
Event: 5.188 Thread 0x00000162e578dd60 nmethod 5706 0x00000162ce94fc90 code [0x00000162ce94fe20, 0x00000162ce94ffa8]
Event: 5.191 Thread 0x00000162e578dd60 5708       3       com.sun.beans.util.Cache$CacheEntry::matches (53 bytes)
Event: 5.191 Thread 0x00000162e578dd60 nmethod 5708 0x00000162ceabf090 code [0x00000162ceabf260, 0x00000162ceabf718]
Event: 5.191 Thread 0x00000162e578dd60 5709       3       java.util.HashMap::values (25 bytes)
Event: 5.191 Thread 0x00000162e578dd60 nmethod 5709 0x00000162ce46a610 code [0x00000162ce46a7c0, 0x00000162ce46ab38]
Event: 5.192 Thread 0x00000162e578dd60 5710       3       java.util.stream.SpinedBuffer::capacity (38 bytes)
Event: 5.192 Thread 0x00000162e578dd60 nmethod 5710 0x00000162ce46a110 code [0x00000162ce46a2c0, 0x00000162ce46a4b8]
Event: 5.194 Thread 0x00000162e578dd60 5711       3       com.sun.beans.introspect.PropertyInfo::initialize (392 bytes)
Event: 5.195 Thread 0x00000162e578dd60 nmethod 5711 0x00000162ce609810 code [0x00000162ce609b80, 0x00000162ce60b488]
Event: 5.195 Thread 0x00000162e578dd60 5712       3       java.beans.PropertyDescriptor::<init> (302 bytes)
Event: 5.198 Thread 0x00000162e578dd60 nmethod 5712 0x00000162ce531310 code [0x00000162ce531a00, 0x00000162ce5365d8]
Event: 5.198 Thread 0x00000162e578dd60 5713       3       com.sun.beans.introspect.PropertyInfo::getReadMethod (19 bytes)
Event: 5.198 Thread 0x00000162e578dd60 nmethod 5713 0x00000162ce530f10 code [0x00000162ce5310c0, 0x00000162ce531258]

GC Heap History (20 events):
Event: 3.580 GC heap after
{Heap after GC invocations=13 (full 0):
 garbage-first heap   total 86016K, used 42258K [0x0000000080000000, 0x0000000100000000)
  region size 1024K, 2 young (2048K), 2 survivors (2048K)
 Metaspace       used 46270K, committed 46656K, reserved 1114112K
  class space    used 6124K, committed 6336K, reserved 1048576K
}
Event: 3.842 GC heap before
{Heap before GC invocations=13 (full 0):
 garbage-first heap   total 86016K, used 65810K [0x0000000080000000, 0x0000000100000000)
  region size 1024K, 26 young (26624K), 2 survivors (2048K)
 Metaspace       used 49852K, committed 50240K, reserved 1114112K
  class space    used 6740K, committed 6912K, reserved 1048576K
}
Event: 3.845 GC heap after
{Heap after GC invocations=14 (full 0):
 garbage-first heap   total 86016K, used 43650K [0x0000000080000000, 0x0000000100000000)
  region size 1024K, 4 young (4096K), 4 survivors (4096K)
 Metaspace       used 49852K, committed 50240K, reserved 1114112K
  class space    used 6740K, committed 6912K, reserved 1048576K
}
Event: 3.994 GC heap before
{Heap before GC invocations=15 (full 0):
 garbage-first heap   total 86016K, used 67202K [0x0000000080000000, 0x0000000100000000)
  region size 1024K, 27 young (27648K), 4 survivors (4096K)
 Metaspace       used 50301K, committed 50688K, reserved 1114112K
  class space    used 6769K, committed 6976K, reserved 1048576K
}
Event: 3.997 GC heap after
{Heap after GC invocations=16 (full 0):
 garbage-first heap   total 86016K, used 44967K [0x0000000080000000, 0x0000000100000000)
  region size 1024K, 3 young (3072K), 3 survivors (3072K)
 Metaspace       used 50301K, committed 50688K, reserved 1114112K
  class space    used 6769K, committed 6976K, reserved 1048576K
}
Event: 4.067 GC heap before
{Heap before GC invocations=16 (full 0):
 garbage-first heap   total 86016K, used 68519K [0x0000000080000000, 0x0000000100000000)
  region size 1024K, 26 young (26624K), 3 survivors (3072K)
 Metaspace       used 50330K, committed 50688K, reserved 1114112K
  class space    used 6769K, committed 6976K, reserved 1048576K
}
Event: 4.070 GC heap after
{Heap after GC invocations=17 (full 0):
 garbage-first heap   total 86016K, used 46005K [0x0000000080000000, 0x0000000100000000)
  region size 1024K, 3 young (3072K), 3 survivors (3072K)
 Metaspace       used 50330K, committed 50688K, reserved 1114112K
  class space    used 6769K, committed 6976K, reserved 1048576K
}
Event: 4.145 GC heap before
{Heap before GC invocations=18 (full 0):
 garbage-first heap   total 92160K, used 68533K [0x0000000080000000, 0x0000000100000000)
  region size 1024K, 25 young (25600K), 3 survivors (3072K)
 Metaspace       used 50356K, committed 50816K, reserved 1114112K
  class space    used 6772K, committed 6976K, reserved 1048576K
}
Event: 4.148 GC heap after
{Heap after GC invocations=19 (full 0):
 garbage-first heap   total 92160K, used 46722K [0x0000000080000000, 0x0000000100000000)
  region size 1024K, 2 young (2048K), 2 survivors (2048K)
 Metaspace       used 50356K, committed 50816K, reserved 1114112K
  class space    used 6772K, committed 6976K, reserved 1048576K
}
Event: 4.153 GC heap before
{Heap before GC invocations=19 (full 0):
 garbage-first heap   total 92160K, used 48770K [0x0000000080000000, 0x0000000100000000)
  region size 1024K, 4 young (4096K), 2 survivors (2048K)
 Metaspace       used 50357K, committed 50816K, reserved 1114112K
  class space    used 6772K, committed 6976K, reserved 1048576K
}
Event: 4.156 GC heap after
{Heap after GC invocations=20 (full 0):
 garbage-first heap   total 115712K, used 46632K [0x0000000080000000, 0x0000000100000000)
  region size 1024K, 1 young (1024K), 1 survivors (1024K)
 Metaspace       used 50357K, committed 50816K, reserved 1114112K
  class space    used 6772K, committed 6976K, reserved 1048576K
}
Event: 4.269 GC heap before
{Heap before GC invocations=20 (full 0):
 garbage-first heap   total 115712K, used 92712K [0x0000000080000000, 0x0000000100000000)
  region size 1024K, 46 young (47104K), 1 survivors (1024K)
 Metaspace       used 50364K, committed 50816K, reserved 1114112K
  class space    used 6772K, committed 6976K, reserved 1048576K
}
Event: 4.271 GC heap after
{Heap after GC invocations=21 (full 0):
 garbage-first heap   total 115712K, used 47369K [0x0000000080000000, 0x0000000100000000)
  region size 1024K, 1 young (1024K), 1 survivors (1024K)
 Metaspace       used 50364K, committed 50816K, reserved 1114112K
  class space    used 6772K, committed 6976K, reserved 1048576K
}
Event: 4.682 GC heap before
{Heap before GC invocations=21 (full 0):
 garbage-first heap   total 115712K, used 94473K [0x0000000080000000, 0x0000000100000000)
  region size 1024K, 48 young (49152K), 1 survivors (1024K)
 Metaspace       used 52777K, committed 53248K, reserved 1114112K
  class space    used 7042K, committed 7296K, reserved 1048576K
}
Event: 4.686 GC heap after
{Heap after GC invocations=22 (full 0):
 garbage-first heap   total 115712K, used 50582K [0x0000000080000000, 0x0000000100000000)
  region size 1024K, 5 young (5120K), 5 survivors (5120K)
 Metaspace       used 52777K, committed 53248K, reserved 1114112K
  class space    used 7042K, committed 7296K, reserved 1048576K
}
Event: 4.772 GC heap before
{Heap before GC invocations=22 (full 0):
 garbage-first heap   total 115712K, used 93590K [0x0000000080000000, 0x0000000100000000)
  region size 1024K, 47 young (48128K), 5 survivors (5120K)
 Metaspace       used 52785K, committed 53248K, reserved 1114112K
  class space    used 7042K, committed 7296K, reserved 1048576K
}
Event: 4.775 GC heap after
{Heap after GC invocations=23 (full 0):
 garbage-first heap   total 115712K, used 50937K [0x0000000080000000, 0x0000000100000000)
  region size 1024K, 1 young (1024K), 1 survivors (1024K)
 Metaspace       used 52785K, committed 53248K, reserved 1114112K
  class space    used 7042K, committed 7296K, reserved 1048576K
}
Event: 5.044 GC heap before
{Heap before GC invocations=23 (full 0):
 garbage-first heap   total 115712K, used 77561K [0x0000000080000000, 0x0000000100000000)
  region size 1024K, 28 young (28672K), 1 survivors (1024K)
 Metaspace       used 53576K, committed 54144K, reserved 1114112K
  class space    used 7136K, committed 7424K, reserved 1048576K
}
Event: 5.047 GC heap after
{Heap after GC invocations=24 (full 0):
 garbage-first heap   total 115712K, used 52770K [0x0000000080000000, 0x0000000100000000)
  region size 1024K, 3 young (3072K), 3 survivors (3072K)
 Metaspace       used 53576K, committed 54144K, reserved 1114112K
  class space    used 7136K, committed 7424K, reserved 1048576K
}
Event: 5.222 GC heap before
{Heap before GC invocations=24 (full 0):
 garbage-first heap   total 115712K, used 69154K [0x0000000080000000, 0x0000000100000000)
  region size 1024K, 18 young (18432K), 3 survivors (3072K)
 Metaspace       used 54641K, committed 55104K, reserved 1114112K
  class space    used 7252K, committed 7488K, reserved 1048576K
}

Dll operation events (3 events):
Event: 0.004 Loaded shared library C:\Program Files\Android\Android Studio\jbr\bin\java.dll
Event: 0.097 Loaded shared library C:\Program Files\Android\Android Studio\jbr\bin\zip.dll
Event: 0.308 Loaded shared library C:\Program Files\Android\Android Studio\jbr\bin\verify.dll

Deoptimization events (20 events):
Event: 5.086 Thread 0x00000162eb8090a0 Uncommon trap: trap_request=0xffffffcc fr.pc=0x00000162d5fa7774 relative=0x0000000000000354
Event: 5.086 Thread 0x00000162eb8090a0 Uncommon trap: reason=intrinsic_or_type_checked_inlining action=make_not_entrant pc=0x00000162d5fa7774 method=java.util.Arrays.copyOf([Ljava/lang/Object;ILjava/lang/Class;)[Ljava/lang/Object; @ 35 c2
Event: 5.086 Thread 0x00000162eb8090a0 DEOPT PACKING pc=0x00000162d5fa7774 sp=0x000000314caf6c00
Event: 5.086 Thread 0x00000162eb8090a0 DEOPT UNPACKING pc=0x00000162d59e69a3 sp=0x000000314caf6b90 mode 2
Event: 5.146 Thread 0x00000162eb8090a0 Uncommon trap: trap_request=0xffffffbe fr.pc=0x00000162d5f91eac relative=0x00000000000002ec
Event: 5.146 Thread 0x00000162eb8090a0 Uncommon trap: reason=profile_predicate action=maybe_recompile pc=0x00000162d5f91eac method=sun.instrument.TransformerManager.transform(Ljava/lang/Module;Ljava/lang/ClassLoader;Ljava/lang/String;Ljava/lang/Class;Ljava/security/ProtectionDomain;[B)[B @ 21 
Event: 5.146 Thread 0x00000162eb8090a0 DEOPT PACKING pc=0x00000162d5f91eac sp=0x000000314caf4a60
Event: 5.146 Thread 0x00000162eb8090a0 DEOPT UNPACKING pc=0x00000162d59e69a3 sp=0x000000314caf4970 mode 2
Event: 5.151 Thread 0x00000162eb8090a0 Uncommon trap: trap_request=0xffffffbe fr.pc=0x00000162d5f91eac relative=0x00000000000002ec
Event: 5.151 Thread 0x00000162eb8090a0 Uncommon trap: reason=profile_predicate action=maybe_recompile pc=0x00000162d5f91eac method=sun.instrument.TransformerManager.transform(Ljava/lang/Module;Ljava/lang/ClassLoader;Ljava/lang/String;Ljava/lang/Class;Ljava/security/ProtectionDomain;[B)[B @ 21 
Event: 5.151 Thread 0x00000162eb8090a0 DEOPT PACKING pc=0x00000162d5f91eac sp=0x000000314caf41e0
Event: 5.151 Thread 0x00000162eb8090a0 DEOPT UNPACKING pc=0x00000162d59e69a3 sp=0x000000314caf40f0 mode 2
Event: 5.153 Thread 0x00000162eb8090a0 Uncommon trap: trap_request=0xffffffbe fr.pc=0x00000162d5f91eac relative=0x00000000000002ec
Event: 5.153 Thread 0x00000162eb8090a0 Uncommon trap: reason=profile_predicate action=maybe_recompile pc=0x00000162d5f91eac method=sun.instrument.TransformerManager.transform(Ljava/lang/Module;Ljava/lang/ClassLoader;Ljava/lang/String;Ljava/lang/Class;Ljava/security/ProtectionDomain;[B)[B @ 21 
Event: 5.153 Thread 0x00000162eb8090a0 DEOPT PACKING pc=0x00000162d5f91eac sp=0x000000314caf2850
Event: 5.153 Thread 0x00000162eb8090a0 DEOPT UNPACKING pc=0x00000162d59e69a3 sp=0x000000314caf2760 mode 2
Event: 5.154 Thread 0x00000162eb8090a0 Uncommon trap: trap_request=0xffffffbe fr.pc=0x00000162d5f91eac relative=0x00000000000002ec
Event: 5.154 Thread 0x00000162eb8090a0 Uncommon trap: reason=profile_predicate action=maybe_recompile pc=0x00000162d5f91eac method=sun.instrument.TransformerManager.transform(Ljava/lang/Module;Ljava/lang/ClassLoader;Ljava/lang/String;Ljava/lang/Class;Ljava/security/ProtectionDomain;[B)[B @ 21 
Event: 5.154 Thread 0x00000162eb8090a0 DEOPT PACKING pc=0x00000162d5f91eac sp=0x000000314caf0d30
Event: 5.154 Thread 0x00000162eb8090a0 DEOPT UNPACKING pc=0x00000162d59e69a3 sp=0x000000314caf0c40 mode 2

Classes unloaded (0 events):
No events

Classes redefined (0 events):
No events

Internal exceptions (20 events):
Event: 5.107 Thread 0x00000162eb8090a0 Exception <a 'java/lang/ClassNotFoundException'{0x0000000086c04d30}: org/jetbrains/plugins/gradle/tooling/builder/ScalaModelBuilderImplBeanInfo> (0x0000000086c04d30) 
thrown [s\src\hotspot\share\classfile\systemDictionary.cpp, line 256]
Event: 5.107 Thread 0x00000162eb8090a0 Exception <a 'java/lang/ClassNotFoundException'{0x0000000086c10278}: org/jetbrains/plugins/gradle/tooling/builder/ScalaModelBuilderImplCustomizer> (0x0000000086c10278) 
thrown [s\src\hotspot\share\classfile\systemDictionary.cpp, line 256]
Event: 5.116 Thread 0x00000162eb8090a0 Exception <a 'java/lang/ClassNotFoundException'{0x0000000086cbab48}: org/jetbrains/plugins/gradle/tooling/builder/ExternalProjectBuilderImpl$1BeanInfo> (0x0000000086cbab48) 
thrown [s\src\hotspot\share\classfile\systemDictionary.cpp, line 256]
Event: 5.116 Thread 0x00000162eb8090a0 Exception <a 'java/lang/ClassNotFoundException'{0x0000000086cc6110}: org/jetbrains/plugins/gradle/tooling/builder/ExternalProjectBuilderImpl$1Customizer> (0x0000000086cc6110) 
thrown [s\src\hotspot\share\classfile\systemDictionary.cpp, line 256]
Event: 5.122 Thread 0x00000162eb8090a0 Exception <a 'java/lang/ClassNotFoundException'{0x0000000086b4d6d8}: org/jetbrains/plugins/gradle/tooling/builder/ExternalProjectBuilderImplBeanInfo> (0x0000000086b4d6d8) 
thrown [s\src\hotspot\share\classfile\systemDictionary.cpp, line 256]
Event: 5.122 Thread 0x00000162eb8090a0 Exception <a 'java/lang/ClassNotFoundException'{0x0000000086b58c88}: org/jetbrains/plugins/gradle/tooling/builder/ExternalProjectBuilderImplCustomizer> (0x0000000086b58c88) 
thrown [s\src\hotspot\share\classfile\systemDictionary.cpp, line 256]
Event: 5.145 Thread 0x00000162eb8090a0 Exception <a 'java/lang/ClassNotFoundException'{0x00000000869e73f8}: org/jetbrains/plugins/gradle/tooling/tasks/DependenciesReport$ReportGeneratorBeanInfo> (0x00000000869e73f8) 
thrown [s\src\hotspot\share\classfile\systemDictionary.cpp, line 256]
Event: 5.145 Thread 0x00000162eb8090a0 Exception <a 'java/lang/ClassNotFoundException'{0x00000000869f29d8}: org/jetbrains/plugins/gradle/tooling/tasks/DependenciesReport$ReportGeneratorCustomizer> (0x00000000869f29d8) 
thrown [s\src\hotspot\share\classfile\systemDictionary.cpp, line 256]
Event: 5.148 Thread 0x00000162eb8090a0 Exception <a 'java/lang/ClassNotFoundException'{0x0000000086827270}: org/jetbrains/plugins/gradle/tooling/builder/DependencyGraphModelBuilderImplBeanInfo> (0x0000000086827270) 
thrown [s\src\hotspot\share\classfile\systemDictionary.cpp, line 256]
Event: 5.148 Thread 0x00000162eb8090a0 Exception <a 'java/lang/ClassNotFoundException'{0x0000000086832848}: org/jetbrains/plugins/gradle/tooling/builder/DependencyGraphModelBuilderImplCustomizer> (0x0000000086832848) 
thrown [s\src\hotspot\share\classfile\systemDictionary.cpp, line 256]
Event: 5.156 Thread 0x00000162eb8090a0 Exception <a 'java/lang/ClassNotFoundException'{0x00000000868dea50}: org/jetbrains/plugins/gradle/tooling/builder/ExternalTestsModelBuilderImplBeanInfo> (0x00000000868dea50) 
thrown [s\src\hotspot\share\classfile\systemDictionary.cpp, line 256]
Event: 5.156 Thread 0x00000162eb8090a0 Exception <a 'java/lang/ClassNotFoundException'{0x00000000868ea020}: org/jetbrains/plugins/gradle/tooling/builder/ExternalTestsModelBuilderImplCustomizer> (0x00000000868ea020) 
thrown [s\src\hotspot\share\classfile\systemDictionary.cpp, line 256]
Event: 5.187 Thread 0x00000162eb8090a0 Exception <a 'java/lang/ClassNotFoundException'{0x0000000086675628}: org/jetbrains/plugins/gradle/tooling/builder/ProjectExtensionsDataBuilderImplBeanInfo> (0x0000000086675628) 
thrown [s\src\hotspot\share\classfile\systemDictionary.cpp, line 256]
Event: 5.188 Thread 0x00000162eb8090a0 Exception <a 'java/lang/ClassNotFoundException'{0x0000000086680ee0}: org/jetbrains/plugins/gradle/tooling/builder/ProjectExtensionsDataBuilderImplCustomizer> (0x0000000086680ee0) 
thrown [s\src\hotspot\share\classfile\systemDictionary.cpp, line 256]
Event: 5.190 Thread 0x00000162eb8090a0 Exception <a 'java/lang/ClassNotFoundException'{0x00000000866b22f0}: org/jetbrains/plugins/gradle/tooling/builder/IntelliJSettingsBuilderBeanInfo> (0x00000000866b22f0) 
thrown [s\src\hotspot\share\classfile\systemDictionary.cpp, line 256]
Event: 5.190 Thread 0x00000162eb8090a0 Exception <a 'java/lang/ClassNotFoundException'{0x00000000866bd840}: org/jetbrains/plugins/gradle/tooling/builder/IntelliJSettingsBuilderCustomizer> (0x00000000866bd840) 
thrown [s\src\hotspot\share\classfile\systemDictionary.cpp, line 256]
Event: 5.193 Thread 0x00000162eb8090a0 Exception <a 'java/lang/ClassNotFoundException'{0x00000000866ee728}: org/jetbrains/plugins/gradle/tooling/builder/IntelliJProjectSettingsBuilderBeanInfo> (0x00000000866ee728) 
thrown [s\src\hotspot\share\classfile\systemDictionary.cpp, line 256]
Event: 5.193 Thread 0x00000162eb8090a0 Exception <a 'java/lang/ClassNotFoundException'{0x00000000866f9cf8}: org/jetbrains/plugins/gradle/tooling/builder/IntelliJProjectSettingsBuilderCustomizer> (0x00000000866f9cf8) 
thrown [s\src\hotspot\share\classfile\systemDictionary.cpp, line 256]
Event: 5.198 Thread 0x00000162eb8090a0 Exception <a 'java/lang/ClassNotFoundException'{0x00000000865308d8}: org/jetbrains/plugins/gradle/tooling/builder/DependencyAccessorsModelBuilderBeanInfo> (0x00000000865308d8) 
thrown [s\src\hotspot\share\classfile\systemDictionary.cpp, line 256]
Event: 5.198 Thread 0x00000162eb8090a0 Exception <a 'java/lang/ClassNotFoundException'{0x000000008653beb0}: org/jetbrains/plugins/gradle/tooling/builder/DependencyAccessorsModelBuilderCustomizer> (0x000000008653beb0) 
thrown [s\src\hotspot\share\classfile\systemDictionary.cpp, line 256]

VM Operations (20 events):
Event: 4.523 Executing VM operation: HandshakeAllThreads done
Event: 4.548 Executing VM operation: ICBufferFull
Event: 4.548 Executing VM operation: ICBufferFull done
Event: 4.599 Executing VM operation: HandshakeAllThreads
Event: 4.599 Executing VM operation: HandshakeAllThreads done
Event: 4.599 Executing VM operation: HandshakeAllThreads
Event: 4.600 Executing VM operation: HandshakeAllThreads done
Event: 4.682 Executing VM operation: G1CollectForAllocation
Event: 4.686 Executing VM operation: G1CollectForAllocation done
Event: 4.772 Executing VM operation: G1CollectForAllocation
Event: 4.775 Executing VM operation: G1CollectForAllocation done
Event: 4.884 Executing VM operation: HandshakeAllThreads
Event: 4.884 Executing VM operation: HandshakeAllThreads done
Event: 4.970 Executing VM operation: ICBufferFull
Event: 4.970 Executing VM operation: ICBufferFull done
Event: 4.980 Executing VM operation: HandshakeAllThreads
Event: 4.981 Executing VM operation: HandshakeAllThreads done
Event: 5.044 Executing VM operation: G1TryInitiateConcMark
Event: 5.047 Executing VM operation: G1TryInitiateConcMark done
Event: 5.222 Executing VM operation: G1TryInitiateConcMark

Events (20 events):
Event: 5.031 loading class java/security/SecureClassLoaderBeanInfo
Event: 5.031 loading class java/security/SecureClassLoaderBeanInfo done
Event: 5.031 loading class java/lang/ClassLoaderBeanInfo
Event: 5.031 loading class java/lang/ClassLoaderBeanInfo done
Event: 5.031 loading class java/lang/ClassLoaderBeanInfo
Event: 5.031 loading class java/lang/ClassLoaderBeanInfo done
Event: 5.031 loading class java/lang/ClassLoaderCustomizer
Event: 5.031 loading class java/lang/ClassLoaderCustomizer done
Event: 5.031 loading class java/lang/ClassLoaderCustomizer
Event: 5.031 loading class java/lang/ClassLoaderCustomizer done
Event: 5.032 loading class java/security/SecureClassLoaderCustomizer
Event: 5.032 loading class java/security/SecureClassLoaderCustomizer done
Event: 5.032 loading class java/security/SecureClassLoaderCustomizer
Event: 5.032 loading class java/security/SecureClassLoaderCustomizer done
Event: 5.033 loading class java/net/URLClassLoaderCustomizer
Event: 5.033 loading class java/net/URLClassLoaderCustomizer done
Event: 5.033 loading class java/net/URLClassLoaderCustomizer
Event: 5.033 loading class java/net/URLClassLoaderCustomizer done
Event: 5.195 loading class java/net/UnknownServiceException
Event: 5.195 loading class java/net/UnknownServiceException done


Dynamic libraries:
0x00007ff760900000 - 0x00007ff76090a000 	C:\Program Files\Android\Android Studio\jbr\bin\java.exe
0x00007ffd0f820000 - 0x00007ffd0fa10000 	C:\Windows\SYSTEM32\ntdll.dll
0x00007ffd0ed10000 - 0x00007ffd0edc2000 	C:\Windows\System32\KERNEL32.DLL
0x00007ffd0d130000 - 0x00007ffd0d3d3000 	C:\Windows\System32\KERNELBASE.dll
0x00007ffd0c800000 - 0x00007ffd0c8fa000 	C:\Windows\System32\ucrtbase.dll
0x00007ffcfd580000 - 0x00007ffcfd597000 	C:\Program Files\Android\Android Studio\jbr\bin\jli.dll
0x00007ffcff520000 - 0x00007ffcff53b000 	C:\Program Files\Android\Android Studio\jbr\bin\VCRUNTIME140.dll
0x00007ffd0e2c0000 - 0x00007ffd0e453000 	C:\Windows\System32\USER32.dll
0x00007ffcfab10000 - 0x00007ffcfad95000 	C:\Windows\WinSxS\amd64_microsoft.windows.common-controls_6595b64144ccf1df_6.0.18362.356_none_e6c4af7d130f27cc\COMCTL32.dll
0x00007ffd0d490000 - 0x00007ffd0d4b1000 	C:\Windows\System32\win32u.dll
0x00007ffd0e9c0000 - 0x00007ffd0ea5e000 	C:\Windows\System32\msvcrt.dll
0x00007ffd0d8d0000 - 0x00007ffd0d8f6000 	C:\Windows\System32\GDI32.dll
0x00007ffd0e560000 - 0x00007ffd0e896000 	C:\Windows\System32\combase.dll
0x00007ffd0d730000 - 0x00007ffd0d8c4000 	C:\Windows\System32\gdi32full.dll
0x00007ffd0e8a0000 - 0x00007ffd0e9c0000 	C:\Windows\System32\RPCRT4.dll
0x00007ffd0d690000 - 0x00007ffd0d72e000 	C:\Windows\System32\msvcp_win.dll
0x00007ffd0d3e0000 - 0x00007ffd0d460000 	C:\Windows\System32\bcryptPrimitives.dll
0x00007ffd0ea60000 - 0x00007ffd0ea8e000 	C:\Windows\System32\IMM32.DLL
0x00007ffd08fc0000 - 0x00007ffd08fcc000 	C:\Program Files\Android\Android Studio\jbr\bin\vcruntime140_1.dll
0x00007ffce77a0000 - 0x00007ffce782d000 	C:\Program Files\Android\Android Studio\jbr\bin\msvcp140.dll
0x00007ffcbc6c0000 - 0x00007ffcbd343000 	C:\Program Files\Android\Android Studio\jbr\bin\server\jvm.dll
0x00007ffd0f460000 - 0x00007ffd0f503000 	C:\Windows\System32\ADVAPI32.dll
0x00007ffd0e220000 - 0x00007ffd0e2b7000 	C:\Windows\System32\sechost.dll
0x00007ffd0c740000 - 0x00007ffd0c78a000 	C:\Windows\System32\POWRPROF.dll
0x00007ffd0c6f0000 - 0x00007ffd0c700000 	C:\Windows\System32\UMPDC.dll
0x00007ffd0a740000 - 0x00007ffd0a764000 	C:\Windows\SYSTEM32\WINMM.dll
0x00007ffd0a880000 - 0x00007ffd0a889000 	C:\Windows\SYSTEM32\WSOCK32.dll
0x00007ffd07360000 - 0x00007ffd0736a000 	C:\Windows\SYSTEM32\VERSION.dll
0x00007ffd0ee30000 - 0x00007ffd0ee9f000 	C:\Windows\System32\WS2_32.dll
0x00007ffd0a710000 - 0x00007ffd0a73d000 	C:\Windows\SYSTEM32\winmmbase.dll
0x00007ffd0c7b0000 - 0x00007ffd0c7fa000 	C:\Windows\System32\cfgmgr32.dll
0x00007ffd0c700000 - 0x00007ffd0c711000 	C:\Windows\System32\kernel.appcore.dll
0x00007ffd08f70000 - 0x00007ffd08f7a000 	C:\Program Files\Android\Android Studio\jbr\bin\jimage.dll
0x00007ffcf69b0000 - 0x00007ffcf6ba4000 	C:\Windows\SYSTEM32\DBGHELP.DLL
0x00007ffcf6950000 - 0x00007ffcf697a000 	C:\Windows\SYSTEM32\dbgcore.DLL
0x00007ffcff4a0000 - 0x00007ffcff4ae000 	C:\Program Files\Android\Android Studio\jbr\bin\instrument.dll
0x00007ffcff4b0000 - 0x00007ffcff4d5000 	C:\Program Files\Android\Android Studio\jbr\bin\java.dll
0x00007ffcfefe0000 - 0x00007ffcfeff8000 	C:\Program Files\Android\Android Studio\jbr\bin\zip.dll
0x00007ffd0d900000 - 0x00007ffd0dfe5000 	C:\Windows\System32\SHELL32.dll
0x00007ffd0f570000 - 0x00007ffd0f619000 	C:\Windows\System32\shcore.dll
0x00007ffd0c900000 - 0x00007ffd0d07e000 	C:\Windows\System32\windows.storage.dll
0x00007ffd0c720000 - 0x00007ffd0c73f000 	C:\Windows\System32\profapi.dll
0x00007ffd0f510000 - 0x00007ffd0f562000 	C:\Windows\System32\shlwapi.dll
0x00007ffd0d670000 - 0x00007ffd0d687000 	C:\Windows\System32\cryptsp.dll
0x00007ffcfefb0000 - 0x00007ffcfefc9000 	C:\Program Files\Android\Android Studio\jbr\bin\net.dll
0x00007ffd03370000 - 0x00007ffd03460000 	C:\Windows\SYSTEM32\WINHTTP.dll
0x00007ffd0bf00000 - 0x00007ffd0bf67000 	C:\Windows\system32\mswsock.dll
0x00007ffcfef90000 - 0x00007ffcfefa6000 	C:\Program Files\Android\Android Studio\jbr\bin\nio.dll
0x00007ffcff5b0000 - 0x00007ffcff5c0000 	C:\Program Files\Android\Android Studio\jbr\bin\verify.dll
0x00007ffcf7110000 - 0x00007ffcf7137000 	C:\Users\welcome\.gradle\native\68d5fa5c4cc2d200863cafc0d521ce42e7d3e7ee720ec0a83991735586a16f82\windows-amd64\native-platform.dll
0x00007ffce6a40000 - 0x00007ffce6b84000 	C:\Users\welcome\.gradle\native\e376f236ea51e6404a007f0833ffe2c6e607c4080706a723a18a27aeea778392\windows-amd64\native-platform-file-events.dll
0x00007ffd03740000 - 0x00007ffd03749000 	C:\Program Files\Android\Android Studio\jbr\bin\management.dll
0x00007ffd03650000 - 0x00007ffd0365b000 	C:\Program Files\Android\Android Studio\jbr\bin\management_ext.dll
0x00007ffd0eeb0000 - 0x00007ffd0eeb8000 	C:\Windows\System32\PSAPI.DLL
0x00007ffd0ba70000 - 0x00007ffd0baa3000 	C:\Windows\system32\rsaenh.dll
0x00007ffd0d460000 - 0x00007ffd0d486000 	C:\Windows\System32\bcrypt.dll
0x00007ffd0c5e0000 - 0x00007ffd0c605000 	C:\Windows\SYSTEM32\USERENV.dll
0x00007ffd0c0d0000 - 0x00007ffd0c0dc000 	C:\Windows\SYSTEM32\CRYPTBASE.dll
0x00007ffd0bc10000 - 0x00007ffd0bc4a000 	C:\Windows\SYSTEM32\IPHLPAPI.DLL
0x00007ffd0f620000 - 0x00007ffd0f628000 	C:\Windows\System32\NSI.dll
0x00007ffd07140000 - 0x00007ffd07156000 	C:\Windows\SYSTEM32\dhcpcsvc6.DLL
0x00007ffd07400000 - 0x00007ffd0741c000 	C:\Windows\SYSTEM32\dhcpcsvc.DLL
0x00007ffd0bc50000 - 0x00007ffd0bd1a000 	C:\Windows\SYSTEM32\DNSAPI.dll
0x00007ffd08f60000 - 0x00007ffd08f67000 	C:\Windows\system32\wshunix.dll

dbghelp: loaded successfully - version: 4.0.5 - missing functions: none
symbol engine: initialized successfully - sym options: 0x614 - pdb path: .;C:\Program Files\Android\Android Studio\jbr\bin;C:\Windows\SYSTEM32;C:\Windows\WinSxS\amd64_microsoft.windows.common-controls_6595b64144ccf1df_6.0.18362.356_none_e6c4af7d130f27cc;C:\Program Files\Android\Android Studio\jbr\bin\server;C:\Users\welcome\.gradle\native\68d5fa5c4cc2d200863cafc0d521ce42e7d3e7ee720ec0a83991735586a16f82\windows-amd64;C:\Users\welcome\.gradle\native\e376f236ea51e6404a007f0833ffe2c6e607c4080706a723a18a27aeea778392\windows-amd64

VM Arguments:
jvm_args: --add-opens=java.base/java.util.concurrent.atomic=ALL-UNNAMED --add-opens=java.base/java.util=ALL-UNNAMED --add-opens=java.base/java.lang=ALL-UNNAMED --add-opens=java.base/java.lang.invoke=ALL-UNNAMED --add-opens=java.prefs/java.util.prefs=ALL-UNNAMED --add-opens=java.base/java.nio.charset=ALL-UNNAMED --add-opens=java.base/java.net=ALL-UNNAMED --add-opens=java.base/java.util.concurrent.atomic=ALL-UNNAMED -Xmx2048m -Dfile.encoding=UTF-8 -Duser.country=US -Duser.language=en -Duser.variant -javaagent:C:\Users\welcome\.gradle\wrapper\dists\gradle-8.2-bin\bbg7u40eoinfdyxsxr3z4i7ta\gradle-8.2\lib\agents\gradle-instrumentation-agent-8.2.jar 
java_command: org.gradle.launcher.daemon.bootstrap.GradleDaemon 8.2
java_class_path (initial): C:\Users\welcome\.gradle\wrapper\dists\gradle-8.2-bin\bbg7u40eoinfdyxsxr3z4i7ta\gradle-8.2\lib\gradle-launcher-8.2.jar
Launcher Type: SUN_STANDARD

[Global flags]
     intx CICompilerCount                          = 4                                         {product} {ergonomic}
     uint ConcGCThreads                            = 2                                         {product} {ergonomic}
     uint G1ConcRefinementThreads                  = 8                                         {product} {ergonomic}
   size_t G1HeapRegionSize                         = 1048576                                   {product} {ergonomic}
    uintx GCDrainStackTargetSize                   = 64                                        {product} {ergonomic}
   size_t InitialHeapSize                          = 132120576                                 {product} {ergonomic}
   size_t MarkStackSize                            = 4194304                                   {product} {ergonomic}
   size_t MaxHeapSize                              = 2147483648                                {product} {command line}
   size_t MaxNewSize                               = 1287651328                                {product} {ergonomic}
   size_t MinHeapDeltaBytes                        = 1048576                                   {product} {ergonomic}
   size_t MinHeapSize                              = 8388608                                   {product} {ergonomic}
    uintx NonNMethodCodeHeapSize                   = 5839372                                {pd product} {ergonomic}
    uintx NonProfiledCodeHeapSize                  = 122909434                              {pd product} {ergonomic}
    uintx ProfiledCodeHeapSize                     = 122909434                              {pd product} {ergonomic}
    uintx ReservedCodeCacheSize                    = 251658240                              {pd product} {ergonomic}
     bool SegmentedCodeCache                       = true                                      {product} {ergonomic}
   size_t SoftMaxHeapSize                          = 2147483648                             {manageable} {ergonomic}
     bool UseCompressedClassPointers               = true                           {product lp64_product} {ergonomic}
     bool UseCompressedOops                        = true                           {product lp64_product} {ergonomic}
     bool UseG1GC                                  = true                                      {product} {ergonomic}
     bool UseLargePagesIndividualAllocation        = false                                  {pd product} {ergonomic}

Logging:
Log output configuration:
 #0: stdout all=warning uptime,level,tags
 #1: stderr all=off uptime,level,tags

Environment Variables:
PATH=C:\Windows\system32;C:\Windows;C:\Windows\System32\Wbem;C:\Windows\System32\WindowsPowerShell\v1.0\;C:\Windows\System32\OpenSSH\;C:\Users\welcome\AppData\Local\Microsoft\WindowsApps;
USERNAME=welcome
OS=Windows_NT
PROCESSOR_IDENTIFIER=Intel64 Family 6 Model 165 Stepping 3, GenuineIntel
TMP=C:\Users\welcome\AppData\Local\Temp
TEMP=C:\Users\welcome\AppData\Local\Temp



Periodic native trim disabled

JNI global refs:
JNI global refs: 27, weak refs: 2

JNI global refs memory usage: 843, weak refs: 841

OOME stack traces (most recent first):
Classloader memory used:
Loader org.gradle.internal.classloader.VisitableURLClassLoader                         : 3509K
Loader bootstrap                                                                       : 2405K
Loader org.gradle.initialization.MixInLegacyTypesClassLoader                           : 682K
Loader org.gradle.internal.classloader.VisitableURLClassLoader$InstrumentingVisitableURLClassLoader: 69927B
Loader jdk.internal.loader.ClassLoaders$PlatformClassLoader                            : 65628B
Loader org.gradle.internal.classloader.VisitableURLClassLoader                         : 32893B
Loader jdk.internal.loader.ClassLoaders$AppClassLoader                                 : 28075B
Loader jdk.internal.reflect.DelegatingClassLoader                                      : 19645B
Loader org.gradle.groovy.scripts.internal.DefaultScriptCompilationHandler$ScriptClassLoader: 9846B
Loader groovy.lang.GroovyClassLoader$InnerLoader                                       : 7392B
Loader org.codehaus.groovy.runtime.callsite.CallSiteClassLoader                        : 4948B

Classes loaded by more than one classloader:
Class org.gradle.api.GradleException                                                  : loaded 3 times (x 80B)
Class org.gradle.util.GradleVersion                                                   : loaded 2 times (x 81B)
Class org.gradle.internal.classpath.ClassPath                                         : loaded 2 times (x 68B)
Class org.gradle.api.internal.classpath.DefaultModuleRegistry                         : loaded 2 times (x 84B)
Class org.gradle.internal.exceptions.NonGradleCauseExceptionsHolder                   : loaded 2 times (x 68B)
Class com.intellij.openapi.externalSystem.model.ExternalSystemException               : loaded 2 times (x 84B)
Class org.gradle.api.Action                                                           : loaded 2 times (x 68B)
Class org.gradle.api.internal.DefaultClassPathProvider                                : loaded 2 times (x 74B)
Class org.gradle.internal.installation.GradleInstallation$1                           : loaded 2 times (x 73B)
Class org.gradle.internal.exceptions.DefaultMultiCauseException                       : loaded 2 times (x 89B)
Class org.gradle.internal.time.MonotonicClock                                         : loaded 2 times (x 75B)
Class org.gradle.internal.classloader.FilteringClassLoader                            : loaded 2 times (x 103B)
Class org.gradle.tooling.model.Model                                                  : loaded 2 times (x 68B)
Class org.gradle.internal.classpath.DefaultClassPath$ImmutableUniqueList$Builder      : loaded 2 times (x 73B)
Class org.gradle.internal.classloader.ClassLoaderVisitor                              : loaded 2 times (x 74B)
Class _BuildScript_                                                                   : loaded 2 times (x 171B)
Class org.gradle.internal.time.DefaultCountdownTimer                                  : loaded 2 times (x 86B)
Class _BuildScript_$_run_closure1                                                     : loaded 2 times (x 130B)
Class org.gradle.internal.service.DefaultServiceLocator                               : loaded 2 times (x 81B)
Class org.gradle.internal.service.UnknownServiceException                             : loaded 2 times (x 81B)
Class org.gradle.internal.classloader.DefaultClassLoaderFactory                       : loaded 2 times (x 80B)
Class sync_studio_tooling_27t8q4xz5sst9kkyqgkwbnmh5                                   : loaded 2 times (x 177B)
Class sync_studio_tooling_27t8q4xz5sst9kkyqgkwbnmh5$_run_closure1                     : loaded 2 times (x 134B)
Class org.gradle.internal.classloader.VisitableURLClassLoader$Spec                    : loaded 2 times (x 72B)
Class org.gradle.tooling.model.ProjectModel                                           : loaded 2 times (x 68B)
Class org.gradle.internal.installation.GradleInstallation                             : loaded 2 times (x 73B)
Class org.gradle.api.internal.classpath.ModuleRegistry                                : loaded 2 times (x 68B)
Class org.gradle.api.internal.ClassPathProvider                                       : loaded 2 times (x 68B)
Class org.gradle.internal.classloader.ClasspathUtil$1                                 : loaded 2 times (x 74B)
Class org.gradle.internal.classloader.ClassLoaderFactory                              : loaded 2 times (x 68B)
Class org.gradle.api.internal.classpath.ManifestUtil                                  : loaded 2 times (x 69B)
Class org.gradle.api.specs.Spec                                                       : loaded 2 times (x 68B)
Class org.gradle.internal.IoActions                                                   : loaded 2 times (x 69B)
Class org.gradle.api.internal.classpath.EffectiveClassPath                            : loaded 2 times (x 88B)
Class org.gradle.internal.installation.CurrentGradleInstallation                      : loaded 2 times (x 71B)
Class org.gradle.internal.agents.InstrumentingClassLoader                             : loaded 2 times (x 68B)
Class org.gradle.internal.installation.CurrentGradleInstallationLocator               : loaded 2 times (x 69B)
Class org.gradle.api.internal.classpath.Module                                        : loaded 2 times (x 68B)
Class org.gradle.internal.service.CachingServiceLocator                               : loaded 2 times (x 80B)
Class org.gradle.internal.time.Timer                                                  : loaded 2 times (x 68B)
Class org.gradle.internal.classpath.DefaultClassPath                                  : loaded 2 times (x 88B)
Class org.gradle.internal.time.Time                                                   : loaded 2 times (x 69B)
Class org.gradle.internal.time.TimeSource$1                                           : loaded 2 times (x 75B)
Class org.gradle.internal.classloader.SystemClassLoaderSpec                           : loaded 2 times (x 69B)
Class org.gradle.api.UncheckedIOException                                             : loaded 2 times (x 80B)
Class org.gradle.internal.time.CountdownTimer                                         : loaded 2 times (x 68B)
Class org.gradle.internal.time.Clock                                                  : loaded 2 times (x 68B)
Class org.gradle.internal.classloader.ClasspathUtil                                   : loaded 2 times (x 69B)
Class org.gradle.api.internal.DefaultClassPathRegistry                                : loaded 2 times (x 74B)
Class org.gradle.api.internal.classpath.DefaultModuleRegistry$DefaultModule           : loaded 2 times (x 84B)
Class org.gradle.internal.time.TimeSource                                             : loaded 2 times (x 68B)
Class org.gradle.api.internal.classpath.UnknownModuleException                        : loaded 2 times (x 80B)
Class ijInit1_3eekot4hx14xpk66y516tyam6                                               : loaded 2 times (x 177B)
Class org.gradle.internal.service.ServiceLookupException                              : loaded 2 times (x 80B)
Class org.gradle.cache.GlobalCache                                                    : loaded 2 times (x 68B)
Class [Lorg.gradle.api.internal.ClassPathProvider;                                    : loaded 2 times (x 67B)
Class org.gradle.internal.operations.MultipleBuildOperationFailures                   : loaded 2 times (x 89B)
Class org.gradle.util.internal.GUtil                                                  : loaded 2 times (x 69B)
Class org.gradle.internal.classloader.ClassLoaderSpec                                 : loaded 2 times (x 69B)
Class _BuildScript_$_run_closure1$_closure2                                           : loaded 2 times (x 130B)
Class org.gradle.internal.classloader.VisitableURLClassLoader                         : loaded 2 times (x 115B)
Class org.gradle.internal.Cast                                                        : loaded 2 times (x 69B)
Class org.gradle.api.internal.ClassPathRegistry                                       : loaded 2 times (x 68B)
Class org.gradle.internal.classloader.VisitableURLClassLoader$InstrumentingVisitableURLClassLoader: loaded 2 times (x 121B)
Class org.gradle.internal.classloader.ClassLoaderHierarchy                            : loaded 2 times (x 68B)
Class org.gradle.internal.exceptions.MultiCauseException                              : loaded 2 times (x 68B)
Class JetGradlePlugin                                                                 : loaded 2 times (x 94B)
Class org.gradle.internal.InternalTransformer                                         : loaded 2 times (x 68B)
Class org.gradle.internal.service.ServiceLocator                                      : loaded 2 times (x 68B)
Class org.gradle.internal.classpath.DefaultClassPath$ImmutableUniqueList              : loaded 2 times (x 159B)
Class org.gradle.internal.time.DefaultTimer                                           : loaded 2 times (x 78B)
Class org.gradle.internal.classpath.TransformedClassPath                              : loaded 2 times (x 94B)


---------------  S Y S T E M  ---------------

OS:
 Windows 10 , 64 bit Build 18362 (10.0.18362.329)
OS uptime: 0 days 1:35 hours

CPU: total 8 (initial active 8) (4 cores per cpu, 2 threads per core) family 6 model 165 stepping 3 microcode 0xf0, cx8, cmov, fxsr, ht, mmx, 3dnowpref, sse, sse2, sse3, ssse3, sse4.1, sse4.2, popcnt, lzcnt, tsc, tscinvbit, avx, avx2, aes, erms, clmul, bmi1, bmi2, adx, fma, vzeroupper, clflush, clflushopt
Processor Information for all 8 processors :
  Max Mhz: 3696, Current Mhz: 3696, Mhz Limit: 3696

Memory: 4k page, system-wide physical 8032M (930M free)
TotalPageFile size 8032M (AvailPageFile size 5M)
current process WorkingSet (physical memory assigned to process): 291M, peak: 304M
current process commit charge ("private bytes"): 444M, peak: 444M

vm_info: OpenJDK 64-Bit Server VM (17.0.9+0--11185874) for windows-amd64 JRE (17.0.9+0--11185874), built on Dec  6 2023 18:57:44 by "androidbuild" with MS VC++ 16.10 / 16.11 (VS2019)

END.
